     1                                  section .data
     2 00000000 48656C6C6F20576F72-     	message: db "Hello World!", 0xA,0
     2 00000009 6C64210A00         
     3                                  	message_length equ $-message-1 
     4                                  	
     5                                  section .bss
     6                                  	;integer resq 1
     7 00000000 <res 00000064>          	digitSpace resb 100
     8 00000064 <res 00000008>          	digitSpacePos resq 1
     9                                  
    10                                  section .text
    11                                  global main
    12                                  main:
    13 00000000 55                      	push rbp
    14 00000001 4889E5                  	mov rbp, rsp
    15 00000004 B839300000              	mov rax, 12345
    16 00000009 E810000000              	call _print
    17                                  	
    18 0000000E B83C000000              	MOV RAX, 60			;Sys_exit syscall
    19 00000013 BF00000000              	MOV RDI, 0			;Salir sin errores
    20 00000018 0F05                    	Syscall
    21 0000001A 4889EC                  	mov rsp, rbp ;leave
    22 0000001D 5D                      	pop rbp
    23                                  
    24                                  _print:
    25 0000001E 488D0C25[00000000]      	lea rcx, [digitSpace]
    26 00000026 BB0A000000              	mov rbx, 0xa
    27 0000002B 488919                  	mov [rcx], rbx
    28 0000002E 48FFC1                  	inc rcx
    29 00000031 48890C25[64000000]      	mov[digitSpacePos], rcx
    30                                  	
    31                                  _printLoop:
    32 00000039 BA00000000              	mov rdx, 0
    33 0000003E BB0A000000              	mov rbx, 0xa
    34 00000043 48F7F3                  	div rbx
    35 00000046 50                      	push rax
    36 00000047 4883C230                	add rdx, 48		;ASCII character std
    37 0000004B 488B0C25[64000000]      	mov rcx, [digitSpacePos]
    38 00000053 8811                    	mov [rcx], dl
    39 00000055 48FFC1                  	inc rcx
    40 00000058 48890C25[64000000]      	mov [digitSpacePos], rcx
    41 00000060 58                      	pop rax
    42 00000061 4883F800                	cmp rax, 0
    43 00000065 75D2                    	jne _printLoop
    44                                  	
    45                                  _printLoop2:
    46 00000067 488B0C25[64000000]      	mov rcx, [digitSpacePos]
    47 0000006F B801000000              	mov rax, 1
    48 00000074 BF01000000              	mov rdi, 1
    49 00000079 4889CE                  	mov rsi, rcx
    50 0000007C BA01000000              	mov rdx, 1
    51 00000081 0F05                    	Syscall
    52                                  	
    53 00000083 488B0C25[64000000]      	mov rcx, [digitSpacePos]
    54 0000008B 48FFC9                  	dec rcx
    55 0000008E 48890C25[64000000]      	mov [digitSpacePos], rcx
    56                                  	
    57 00000096 4881F9[00000000]        	cmp rcx, digitSpace
    58 0000009D 7DC8                    	jge _printLoop2
    59 0000009F C3                      ret
